<?xml version="1.0" encoding="UTF-8"?>
<testsuite xmlns:xsi="http://www.w3.org/2001/XMLSchema-instance" xsi:noNamespaceSchemaLocation="https://maven.apache.org/surefire/maven-surefire-plugin/xsd/surefire-test-report.xsd" name="senghor.kital.AppTest" time="0.081" tests="8" errors="0" skipped="0" failures="0">
  <properties>
[...]
</properties>
  <testcase name="divideTest" classname="senghor.kital.AppTest" time="0.004"/>
  <testcase name="sumTest" classname="senghor.kital.AppTest" time="0.002"/>
  <testcase name="maxElementTest" classname="senghor.kital.AppTest" time="0"/>
  <testcase name="minElementTest" classname="senghor.kital.AppTest" time="0.001"/>
  <testcase name="MultiplyTest" classname="senghor.kital.AppTest" time="0.001"/>
  <testcase name="maxTest" classname="senghor.kital.AppTest" time="0"/>
  <testcase name="minTest" classname="senghor.kital.AppTest" time="0"/>
  <testcase name="minusTest" classname="senghor.kital.AppTest" time="0"/>
</testsuite>